Analysis & Synthesis report for project03
Wed Jan 03 17:38:39 2018
Quartus II 64-Bit Version 13.1.0 Build 162 10/23/2013 SJ Web Edition


---------------------
; Table of Contents ;
---------------------
  1. Legal Notice
  2. Analysis & Synthesis Summary
  3. Analysis & Synthesis Settings
  4. Parallel Compilation
  5. Analysis & Synthesis Source Files Read
  6. Analysis & Synthesis Resource Usage Summary
  7. Analysis & Synthesis Resource Utilization by Entity
  8. General Register Statistics
  9. Elapsed Time Per Partition
 10. Analysis & Synthesis Messages



----------------
; Legal Notice ;
----------------
Copyright (C) 1991-2013 Altera Corporation
Your use of Altera Corporation's design tools, logic functions 
and other software and tools, and its AMPP partner logic 
functions, and any output files from any of the foregoing 
(including device programming or simulation files), and any 
associated documentation or information are expressly subject 
to the terms and conditions of the Altera Program License 
Subscription Agreement, Altera MegaCore Function License 
Agreement, or other applicable license agreement, including, 
without limitation, that your use is for the sole purpose of 
programming logic devices manufactured by Altera and sold by 
Altera or its authorized distributors.  Please refer to the 
applicable agreement for further details.



+---------------------------------------------------------------------------------+
; Analysis & Synthesis Summary                                                    ;
+------------------------------------+--------------------------------------------+
; Analysis & Synthesis Status        ; Successful - Wed Jan 03 17:38:39 2018      ;
; Quartus II 64-Bit Version          ; 13.1.0 Build 162 10/23/2013 SJ Web Edition ;
; Revision Name                      ; project03                                  ;
; Top-level Entity Name              ; mips_core                                  ;
; Family                             ; Cyclone III                                ;
; Total logic elements               ; 0                                          ;
;     Total combinational functions  ; 0                                          ;
;     Dedicated logic registers      ; 0                                          ;
; Total registers                    ; 0                                          ;
; Total pins                         ; 1                                          ;
; Total virtual pins                 ; 0                                          ;
; Total memory bits                  ; 0                                          ;
; Embedded Multiplier 9-bit elements ; 0                                          ;
; Total PLLs                         ; 0                                          ;
+------------------------------------+--------------------------------------------+


+----------------------------------------------------------------------------------------------------------------------+
; Analysis & Synthesis Settings                                                                                        ;
+----------------------------------------------------------------------------+--------------------+--------------------+
; Option                                                                     ; Setting            ; Default Value      ;
+----------------------------------------------------------------------------+--------------------+--------------------+
; Device                                                                     ; EP3C16F484C6       ;                    ;
; Top-level entity name                                                      ; mips_core          ; project03          ;
; Family name                                                                ; Cyclone III        ; Cyclone IV GX      ;
; Use smart compilation                                                      ; Off                ; Off                ;
; Enable parallel Assembler and TimeQuest Timing Analyzer during compilation ; On                 ; On                 ;
; Enable compact report table                                                ; Off                ; Off                ;
; Restructure Multiplexers                                                   ; Auto               ; Auto               ;
; Create Debugging Nodes for IP Cores                                        ; Off                ; Off                ;
; Preserve fewer node names                                                  ; On                 ; On                 ;
; Disable OpenCore Plus hardware evaluation                                  ; Off                ; Off                ;
; Verilog Version                                                            ; Verilog_2001       ; Verilog_2001       ;
; VHDL Version                                                               ; VHDL_1993          ; VHDL_1993          ;
; State Machine Processing                                                   ; Auto               ; Auto               ;
; Safe State Machine                                                         ; Off                ; Off                ;
; Extract Verilog State Machines                                             ; On                 ; On                 ;
; Extract VHDL State Machines                                                ; On                 ; On                 ;
; Ignore Verilog initial constructs                                          ; Off                ; Off                ;
; Iteration limit for constant Verilog loops                                 ; 5000               ; 5000               ;
; Iteration limit for non-constant Verilog loops                             ; 250                ; 250                ;
; Add Pass-Through Logic to Inferred RAMs                                    ; On                 ; On                 ;
; Infer RAMs from Raw Logic                                                  ; On                 ; On                 ;
; Parallel Synthesis                                                         ; On                 ; On                 ;
; DSP Block Balancing                                                        ; Auto               ; Auto               ;
; NOT Gate Push-Back                                                         ; On                 ; On                 ;
; Power-Up Don't Care                                                        ; On                 ; On                 ;
; Remove Redundant Logic Cells                                               ; Off                ; Off                ;
; Remove Duplicate Registers                                                 ; On                 ; On                 ;
; Ignore CARRY Buffers                                                       ; Off                ; Off                ;
; Ignore CASCADE Buffers                                                     ; Off                ; Off                ;
; Ignore GLOBAL Buffers                                                      ; Off                ; Off                ;
; Ignore ROW GLOBAL Buffers                                                  ; Off                ; Off                ;
; Ignore LCELL Buffers                                                       ; Off                ; Off                ;
; Ignore SOFT Buffers                                                        ; On                 ; On                 ;
; Limit AHDL Integers to 32 Bits                                             ; Off                ; Off                ;
; Optimization Technique                                                     ; Balanced           ; Balanced           ;
; Carry Chain Length                                                         ; 70                 ; 70                 ;
; Auto Carry Chains                                                          ; On                 ; On                 ;
; Auto Open-Drain Pins                                                       ; On                 ; On                 ;
; Perform WYSIWYG Primitive Resynthesis                                      ; Off                ; Off                ;
; Auto ROM Replacement                                                       ; On                 ; On                 ;
; Auto RAM Replacement                                                       ; On                 ; On                 ;
; Auto DSP Block Replacement                                                 ; On                 ; On                 ;
; Auto Shift Register Replacement                                            ; Auto               ; Auto               ;
; Allow Shift Register Merging across Hierarchies                            ; Auto               ; Auto               ;
; Auto Clock Enable Replacement                                              ; On                 ; On                 ;
; Strict RAM Replacement                                                     ; Off                ; Off                ;
; Allow Synchronous Control Signals                                          ; On                 ; On                 ;
; Force Use of Synchronous Clear Signals                                     ; Off                ; Off                ;
; Auto RAM Block Balancing                                                   ; On                 ; On                 ;
; Auto RAM to Logic Cell Conversion                                          ; Off                ; Off                ;
; Auto Resource Sharing                                                      ; Off                ; Off                ;
; Allow Any RAM Size For Recognition                                         ; Off                ; Off                ;
; Allow Any ROM Size For Recognition                                         ; Off                ; Off                ;
; Allow Any Shift Register Size For Recognition                              ; Off                ; Off                ;
; Use LogicLock Constraints during Resource Balancing                        ; On                 ; On                 ;
; Ignore translate_off and synthesis_off directives                          ; Off                ; Off                ;
; Timing-Driven Synthesis                                                    ; On                 ; On                 ;
; Report Parameter Settings                                                  ; On                 ; On                 ;
; Report Source Assignments                                                  ; On                 ; On                 ;
; Report Connectivity Checks                                                 ; On                 ; On                 ;
; Ignore Maximum Fan-Out Assignments                                         ; Off                ; Off                ;
; Synchronization Register Chain Length                                      ; 2                  ; 2                  ;
; PowerPlay Power Optimization                                               ; Normal compilation ; Normal compilation ;
; HDL message level                                                          ; Level2             ; Level2             ;
; Suppress Register Optimization Related Messages                            ; Off                ; Off                ;
; Number of Removed Registers Reported in Synthesis Report                   ; 5000               ; 5000               ;
; Number of Swept Nodes Reported in Synthesis Report                         ; 5000               ; 5000               ;
; Number of Inverted Registers Reported in Synthesis Report                  ; 100                ; 100                ;
; Clock MUX Protection                                                       ; On                 ; On                 ;
; Auto Gated Clock Conversion                                                ; Off                ; Off                ;
; Block Design Naming                                                        ; Auto               ; Auto               ;
; SDC constraint protection                                                  ; Off                ; Off                ;
; Synthesis Effort                                                           ; Auto               ; Auto               ;
; Shift Register Replacement - Allow Asynchronous Clear Signal               ; On                 ; On                 ;
; Pre-Mapping Resynthesis Optimization                                       ; Off                ; Off                ;
; Analysis & Synthesis Message Level                                         ; Medium             ; Medium             ;
; Disable Register Merging Across Hierarchies                                ; Auto               ; Auto               ;
; Resource Aware Inference For Block RAM                                     ; On                 ; On                 ;
; Synthesis Seed                                                             ; 1                  ; 1                  ;
+----------------------------------------------------------------------------+--------------------+--------------------+


+------------------------------------------+
; Parallel Compilation                     ;
+----------------------------+-------------+
; Processors                 ; Number      ;
+----------------------------+-------------+
; Number detected on machine ; 8           ;
; Maximum allowed            ; 4           ;
;                            ;             ;
; Average used               ; 1.00        ;
; Maximum used               ; 1           ;
;                            ;             ;
; Usage by Processor         ; % Time Used ;
;     Processor 1            ; 100.0%      ;
;     Processors 2-8         ;   0.0%      ;
+----------------------------+-------------+


+---------------------------------------------------------------------------------------------------------------------------------------------+
; Analysis & Synthesis Source Files Read                                                                                                      ;
+----------------------------------+-----------------+------------------------------+-----------------------------------------------+---------+
; File Name with User-Entered Path ; Used in Netlist ; File Type                    ; File Name with Absolute Path                  ; Library ;
+----------------------------------+-----------------+------------------------------+-----------------------------------------------+---------+
; mips_alu.v                       ; yes             ; User Verilog HDL File        ; C:/Organizasyon/FinalProject/mips_alu.v       ;         ;
; mips_core.v                      ; yes             ; User Verilog HDL File        ; C:/Organizasyon/FinalProject/mips_core.v      ;         ;
; mips_registers.v                 ; yes             ; User Verilog HDL File        ; C:/Organizasyon/FinalProject/mips_registers.v ;         ;
; mips_instr_mem.v                 ; yes             ; User Verilog HDL File        ; C:/Organizasyon/FinalProject/mips_instr_mem.v ;         ;
; mips_data_mem.v                  ; yes             ; User Verilog HDL File        ; C:/Organizasyon/FinalProject/mips_data_mem.v  ;         ;
; mips_control.v                   ; yes             ; User Verilog HDL File        ; C:/Organizasyon/FinalProject/mips_control.v   ;         ;
; data.mem                         ; yes             ; Auto-Found Unspecified File  ; C:/Organizasyon/FinalProject/data.mem         ;         ;
; registers.mem                    ; yes             ; Auto-Found Unspecified File  ; C:/Organizasyon/FinalProject/registers.mem    ;         ;
; instruction.mem                  ; yes             ; Auto-Found Unspecified File  ; C:/Organizasyon/FinalProject/instruction.mem  ;         ;
+----------------------------------+-----------------+------------------------------+-----------------------------------------------+---------+


+-----------------------------------------------------+
; Analysis & Synthesis Resource Usage Summary         ;
+---------------------------------------------+-------+
; Resource                                    ; Usage ;
+---------------------------------------------+-------+
;                                             ;       ;
; Total combinational functions               ; 0     ;
; Logic element usage by number of LUT inputs ;       ;
;     -- 4 input functions                    ; 0     ;
;     -- 3 input functions                    ; 0     ;
;     -- <=2 input functions                  ; 0     ;
;                                             ;       ;
; Logic elements by mode                      ;       ;
;     -- normal mode                          ; 0     ;
;     -- arithmetic mode                      ; 0     ;
;                                             ;       ;
; Total registers                             ; 0     ;
;     -- Dedicated logic registers            ; 0     ;
;     -- I/O registers                        ; 0     ;
;                                             ;       ;
; I/O pins                                    ; 1     ;
; Embedded Multiplier 9-bit elements          ; 0     ;
; Maximum fan-out node                        ; clock ;
; Maximum fan-out                             ; 1     ;
; Total fan-out                               ; 1     ;
; Average fan-out                             ; 0.50  ;
+---------------------------------------------+-------+


+-----------------------------------------------------------------------------------------------------------------------------------------------------------------------------+
; Analysis & Synthesis Resource Utilization by Entity                                                                                                                         ;
+----------------------------+-------------------+--------------+-------------+--------------+---------+-----------+------+--------------+---------------------+--------------+
; Compilation Hierarchy Node ; LC Combinationals ; LC Registers ; Memory Bits ; DSP Elements ; DSP 9x9 ; DSP 18x18 ; Pins ; Virtual Pins ; Full Hierarchy Name ; Library Name ;
+----------------------------+-------------------+--------------+-------------+--------------+---------+-----------+------+--------------+---------------------+--------------+
; |mips_core                 ; 0 (0)             ; 0 (0)        ; 0           ; 0            ; 0       ; 0         ; 1    ; 0            ; |mips_core          ; work         ;
+----------------------------+-------------------+--------------+-------------+--------------+---------+-----------+------+--------------+---------------------+--------------+
Note: For table entries with two numbers listed, the numbers in parentheses indicate the number of resources of the given type used by the specific entity alone. The numbers listed outside of parentheses indicate the total resources of the given type used by the specific entity and all of its sub-entities in the hierarchy.


+------------------------------------------------------+
; General Register Statistics                          ;
+----------------------------------------------+-------+
; Statistic                                    ; Value ;
+----------------------------------------------+-------+
; Total registers                              ; 0     ;
; Number of registers using Synchronous Clear  ; 0     ;
; Number of registers using Synchronous Load   ; 0     ;
; Number of registers using Asynchronous Clear ; 0     ;
; Number of registers using Asynchronous Load  ; 0     ;
; Number of registers using Clock Enable       ; 0     ;
; Number of registers using Preset             ; 0     ;
+----------------------------------------------+-------+


+-------------------------------+
; Elapsed Time Per Partition    ;
+----------------+--------------+
; Partition Name ; Elapsed Time ;
+----------------+--------------+
; Top            ; 00:00:00     ;
+----------------+--------------+


+-------------------------------+
; Analysis & Synthesis Messages ;
+-------------------------------+
Info: *******************************************************************
Info: Running Quartus II 64-Bit Analysis & Synthesis
    Info: Version 13.1.0 Build 162 10/23/2013 SJ Web Edition
    Info: Processing started: Wed Jan 03 17:38:37 2018
Info: Command: quartus_map --read_settings_files=on --write_settings_files=off project03 -c project03
Info (11104): Parallel Compilation has detected 8 hyper-threaded processors. However, the extra hyper-threaded processors will not be used by default. Parallel Compilation will use 4 of the 4 physical processors detected instead.
Info (12021): Found 1 design units, including 1 entities, in source file mips_alu.v
    Info (12023): Found entity 1: mips_alu
Info (12021): Found 1 design units, including 1 entities, in source file mips_core.v
    Info (12023): Found entity 1: mips_core
Info (12021): Found 1 design units, including 1 entities, in source file mips_testbench.v
    Info (12023): Found entity 1: mips_testbench
Info (12021): Found 1 design units, including 1 entities, in source file mips_registers.v
    Info (12023): Found entity 1: mips_registers
Info (12021): Found 1 design units, including 1 entities, in source file mips_instr_mem.v
    Info (12023): Found entity 1: mips_instr_mem
Info (12021): Found 1 design units, including 1 entities, in source file mips_data_mem.v
    Info (12023): Found entity 1: mips_data_mem
Info (12021): Found 1 design units, including 1 entities, in source file mips_control.v
    Info (12023): Found entity 1: mips_control
Info (12127): Elaborating entity "mips_core" for the top level hierarchy
Warning (10036): Verilog HDL or VHDL warning at mips_core.v(14): object "pcChanged" assigned a value but never read
Warning (10235): Verilog HDL Always Construct warning at mips_core.v(85): variable "sig_mem_to_reg" is read inside the Always Construct but isn't in the Always Construct's Event Control
Warning (10235): Verilog HDL Always Construct warning at mips_core.v(86): variable "op" is read inside the Always Construct but isn't in the Always Construct's Event Control
Warning (10235): Verilog HDL Always Construct warning at mips_core.v(86): variable "lbuOP" is read inside the Always Construct but isn't in the Always Construct's Event Control
Warning (10230): Verilog HDL assignment warning at mips_core.v(87): truncated value with size 33 to match size of target (32)
Warning (10235): Verilog HDL Always Construct warning at mips_core.v(88): variable "op" is read inside the Always Construct but isn't in the Always Construct's Event Control
Warning (10235): Verilog HDL Always Construct warning at mips_core.v(88): variable "lhuOP" is read inside the Always Construct but isn't in the Always Construct's Event Control
Warning (10235): Verilog HDL Always Construct warning at mips_core.v(92): variable "op" is read inside the Always Construct but isn't in the Always Construct's Event Control
Warning (10235): Verilog HDL Always Construct warning at mips_core.v(92): variable "jalOP" is read inside the Always Construct but isn't in the Always Construct's Event Control
Warning (10235): Verilog HDL Always Construct warning at mips_core.v(93): variable "PC" is read inside the Always Construct but isn't in the Always Construct's Event Control
Info (12128): Elaborating entity "mips_instr_mem" for hierarchy "mips_instr_mem:instructionmem"
Warning (10850): Verilog HDL warning at mips_instr_mem.v(8): number of words (12) in memory file does not match the number of elements in the address range [0:255]
Warning (10030): Net "instr_mem.data_a" at mips_instr_mem.v(5) has no driver or initial value, using a default initial value '0'
Warning (10030): Net "instr_mem.waddr_a" at mips_instr_mem.v(5) has no driver or initial value, using a default initial value '0'
Warning (10030): Net "instr_mem.we_a" at mips_instr_mem.v(5) has no driver or initial value, using a default initial value '0'
Info (12128): Elaborating entity "mips_control" for hierarchy "mips_control:control"
Warning (10036): Verilog HDL or VHDL warning at mips_control.v(19): object "addOP" assigned a value but never read
Warning (10036): Verilog HDL or VHDL warning at mips_control.v(20): object "adduOP" assigned a value but never read
Warning (10036): Verilog HDL or VHDL warning at mips_control.v(21): object "subOP" assigned a value but never read
Warning (10036): Verilog HDL or VHDL warning at mips_control.v(22): object "andOP" assigned a value but never read
Warning (10036): Verilog HDL or VHDL warning at mips_control.v(23): object "orOP" assigned a value but never read
Warning (10036): Verilog HDL or VHDL warning at mips_control.v(24): object "sraOP" assigned a value but never read
Warning (10036): Verilog HDL or VHDL warning at mips_control.v(25): object "srlOP" assigned a value but never read
Warning (10036): Verilog HDL or VHDL warning at mips_control.v(26): object "sllOP" assigned a value but never read
Warning (10036): Verilog HDL or VHDL warning at mips_control.v(27): object "sltuOP" assigned a value but never read
Warning (10036): Verilog HDL or VHDL warning at mips_control.v(30): object "norOP" assigned a value but never read
Warning (10036): Verilog HDL or VHDL warning at mips_control.v(31): object "sltOP" assigned a value but never read
Warning (10036): Verilog HDL or VHDL warning at mips_control.v(32): object "subuOP" assigned a value but never read
Warning (10036): Verilog HDL or VHDL warning at mips_control.v(35): object "addiOP" assigned a value but never read
Warning (10036): Verilog HDL or VHDL warning at mips_control.v(36): object "addiuOP" assigned a value but never read
Warning (10036): Verilog HDL or VHDL warning at mips_control.v(38): object "andiOP" assigned a value but never read
Warning (10036): Verilog HDL or VHDL warning at mips_control.v(42): object "lhuOP" assigned a value but never read
Warning (10036): Verilog HDL or VHDL warning at mips_control.v(46): object "oriOP" assigned a value but never read
Warning (10036): Verilog HDL or VHDL warning at mips_control.v(47): object "sltiOP" assigned a value but never read
Warning (10036): Verilog HDL or VHDL warning at mips_control.v(48): object "sltiuOP" assigned a value but never read
Warning (10036): Verilog HDL or VHDL warning at mips_control.v(50): object "scOP" assigned a value but never read
Warning (10030): Net "rd" at mips_control.v(13) has no driver or initial value, using a default initial value '0'
Warning (10030): Net "rt" at mips_control.v(14) has no driver or initial value, using a default initial value '0'
Info (12128): Elaborating entity "mips_registers" for hierarchy "mips_registers:registers"
Info (12128): Elaborating entity "mips_alu" for hierarchy "mips_alu:alu"
Warning (10036): Verilog HDL or VHDL warning at mips_alu.v(35): object "lhuOP" assigned a value but never read
Warning (10036): Verilog HDL or VHDL warning at mips_alu.v(43): object "scOP" assigned a value but never read
Warning (10036): Verilog HDL or VHDL warning at mips_alu.v(51): object "jOP" assigned a value but never read
Warning (10036): Verilog HDL or VHDL warning at mips_alu.v(52): object "jalOP" assigned a value but never read
Warning (10235): Verilog HDL Always Construct warning at mips_alu.v(58): variable "op" is read inside the Always Construct but isn't in the Always Construct's Event Control
Warning (10235): Verilog HDL Always Construct warning at mips_alu.v(61): variable "fn" is read inside the Always Construct but isn't in the Always Construct's Event Control
Warning (10235): Verilog HDL Always Construct warning at mips_alu.v(61): variable "addOP" is read inside the Always Construct but isn't in the Always Construct's Event Control
Warning (10235): Verilog HDL Always Construct warning at mips_alu.v(63): variable "fn" is read inside the Always Construct but isn't in the Always Construct's Event Control
Warning (10235): Verilog HDL Always Construct warning at mips_alu.v(63): variable "adduOP" is read inside the Always Construct but isn't in the Always Construct's Event Control
Warning (10235): Verilog HDL Always Construct warning at mips_alu.v(65): variable "fn" is read inside the Always Construct but isn't in the Always Construct's Event Control
Warning (10235): Verilog HDL Always Construct warning at mips_alu.v(65): variable "subOP" is read inside the Always Construct but isn't in the Always Construct's Event Control
Warning (10235): Verilog HDL Always Construct warning at mips_alu.v(67): variable "fn" is read inside the Always Construct but isn't in the Always Construct's Event Control
Warning (10235): Verilog HDL Always Construct warning at mips_alu.v(67): variable "andOP" is read inside the Always Construct but isn't in the Always Construct's Event Control
Warning (10235): Verilog HDL Always Construct warning at mips_alu.v(69): variable "fn" is read inside the Always Construct but isn't in the Always Construct's Event Control
Warning (10235): Verilog HDL Always Construct warning at mips_alu.v(69): variable "orOP" is read inside the Always Construct but isn't in the Always Construct's Event Control
Warning (10235): Verilog HDL Always Construct warning at mips_alu.v(71): variable "fn" is read inside the Always Construct but isn't in the Always Construct's Event Control
Warning (10235): Verilog HDL Always Construct warning at mips_alu.v(71): variable "sraOP" is read inside the Always Construct but isn't in the Always Construct's Event Control
Warning (10235): Verilog HDL Always Construct warning at mips_alu.v(72): variable "sa" is read inside the Always Construct but isn't in the Always Construct's Event Control
Warning (10235): Verilog HDL Always Construct warning at mips_alu.v(73): variable "fn" is read inside the Always Construct but isn't in the Always Construct's Event Control
Warning (10235): Verilog HDL Always Construct warning at mips_alu.v(73): variable "srlOP" is read inside the Always Construct but isn't in the Always Construct's Event Control
Warning (10235): Verilog HDL Always Construct warning at mips_alu.v(74): variable "sa" is read inside the Always Construct but isn't in the Always Construct's Event Control
Warning (10235): Verilog HDL Always Construct warning at mips_alu.v(75): variable "fn" is read inside the Always Construct but isn't in the Always Construct's Event Control
Warning (10235): Verilog HDL Always Construct warning at mips_alu.v(75): variable "sllOP" is read inside the Always Construct but isn't in the Always Construct's Event Control
Warning (10235): Verilog HDL Always Construct warning at mips_alu.v(76): variable "sa" is read inside the Always Construct but isn't in the Always Construct's Event Control
Warning (10235): Verilog HDL Always Construct warning at mips_alu.v(77): variable "fn" is read inside the Always Construct but isn't in the Always Construct's Event Control
Warning (10235): Verilog HDL Always Construct warning at mips_alu.v(77): variable "sltuOP" is read inside the Always Construct but isn't in the Always Construct's Event Control
Warning (10235): Verilog HDL Always Construct warning at mips_alu.v(79): variable "fn" is read inside the Always Construct but isn't in the Always Construct's Event Control
Warning (10235): Verilog HDL Always Construct warning at mips_alu.v(79): variable "jrOP" is read inside the Always Construct but isn't in the Always Construct's Event Control
Warning (10235): Verilog HDL Always Construct warning at mips_alu.v(81): variable "fn" is read inside the Always Construct but isn't in the Always Construct's Event Control
Warning (10235): Verilog HDL Always Construct warning at mips_alu.v(81): variable "norOP" is read inside the Always Construct but isn't in the Always Construct's Event Control
Warning (10235): Verilog HDL Always Construct warning at mips_alu.v(83): variable "fn" is read inside the Always Construct but isn't in the Always Construct's Event Control
Warning (10235): Verilog HDL Always Construct warning at mips_alu.v(83): variable "sltOP" is read inside the Always Construct but isn't in the Always Construct's Event Control
Warning (10235): Verilog HDL Always Construct warning at mips_alu.v(85): variable "fn" is read inside the Always Construct but isn't in the Always Construct's Event Control
Warning (10235): Verilog HDL Always Construct warning at mips_alu.v(85): variable "subuOP" is read inside the Always Construct but isn't in the Always Construct's Event Control
Warning (10235): Verilog HDL Always Construct warning at mips_alu.v(93): variable "op" is read inside the Always Construct but isn't in the Always Construct's Event Control
Warning (10235): Verilog HDL Always Construct warning at mips_alu.v(93): variable "addiOP" is read inside the Always Construct but isn't in the Always Construct's Event Control
Warning (10235): Verilog HDL Always Construct warning at mips_alu.v(94): variable "imm" is read inside the Always Construct but isn't in the Always Construct's Event Control
Warning (10235): Verilog HDL Always Construct warning at mips_alu.v(96): variable "op" is read inside the Always Construct but isn't in the Always Construct's Event Control
Warning (10235): Verilog HDL Always Construct warning at mips_alu.v(96): variable "addiuOP" is read inside the Always Construct but isn't in the Always Construct's Event Control
Warning (10235): Verilog HDL Always Construct warning at mips_alu.v(97): variable "imm" is read inside the Always Construct but isn't in the Always Construct's Event Control
Warning (10235): Verilog HDL Always Construct warning at mips_alu.v(99): variable "op" is read inside the Always Construct but isn't in the Always Construct's Event Control
Warning (10235): Verilog HDL Always Construct warning at mips_alu.v(99): variable "andiOP" is read inside the Always Construct but isn't in the Always Construct's Event Control
Warning (10235): Verilog HDL Always Construct warning at mips_alu.v(100): variable "imm" is read inside the Always Construct but isn't in the Always Construct's Event Control
Warning (10235): Verilog HDL Always Construct warning at mips_alu.v(102): variable "op" is read inside the Always Construct but isn't in the Always Construct's Event Control
Warning (10235): Verilog HDL Always Construct warning at mips_alu.v(102): variable "oriOP" is read inside the Always Construct but isn't in the Always Construct's Event Control
Warning (10235): Verilog HDL Always Construct warning at mips_alu.v(103): variable "imm" is read inside the Always Construct but isn't in the Always Construct's Event Control
Warning (10235): Verilog HDL Always Construct warning at mips_alu.v(105): variable "op" is read inside the Always Construct but isn't in the Always Construct's Event Control
Warning (10235): Verilog HDL Always Construct warning at mips_alu.v(105): variable "sltiOP" is read inside the Always Construct but isn't in the Always Construct's Event Control
Warning (10235): Verilog HDL Always Construct warning at mips_alu.v(106): variable "imm" is read inside the Always Construct but isn't in the Always Construct's Event Control
Warning (10235): Verilog HDL Always Construct warning at mips_alu.v(108): variable "op" is read inside the Always Construct but isn't in the Always Construct's Event Control
Warning (10235): Verilog HDL Always Construct warning at mips_alu.v(108): variable "sltiuOP" is read inside the Always Construct but isn't in the Always Construct's Event Control
Warning (10235): Verilog HDL Always Construct warning at mips_alu.v(109): variable "imm" is read inside the Always Construct but isn't in the Always Construct's Event Control
Warning (10235): Verilog HDL Always Construct warning at mips_alu.v(111): variable "op" is read inside the Always Construct but isn't in the Always Construct's Event Control
Warning (10235): Verilog HDL Always Construct warning at mips_alu.v(111): variable "beqOP" is read inside the Always Construct but isn't in the Always Construct's Event Control
Warning (10235): Verilog HDL Always Construct warning at mips_alu.v(119): variable "op" is read inside the Always Construct but isn't in the Always Construct's Event Control
Warning (10235): Verilog HDL Always Construct warning at mips_alu.v(119): variable "bneOP" is read inside the Always Construct but isn't in the Always Construct's Event Control
Warning (10235): Verilog HDL Always Construct warning at mips_alu.v(127): variable "op" is read inside the Always Construct but isn't in the Always Construct's Event Control
Warning (10235): Verilog HDL Always Construct warning at mips_alu.v(127): variable "lwOP" is read inside the Always Construct but isn't in the Always Construct's Event Control
Warning (10235): Verilog HDL Always Construct warning at mips_alu.v(127): variable "llOP" is read inside the Always Construct but isn't in the Always Construct's Event Control
Warning (10235): Verilog HDL Always Construct warning at mips_alu.v(128): variable "imm" is read inside the Always Construct but isn't in the Always Construct's Event Control
Warning (10235): Verilog HDL Always Construct warning at mips_alu.v(130): variable "op" is read inside the Always Construct but isn't in the Always Construct's Event Control
Warning (10235): Verilog HDL Always Construct warning at mips_alu.v(130): variable "lbuOP" is read inside the Always Construct but isn't in the Always Construct's Event Control
Warning (10235): Verilog HDL Always Construct warning at mips_alu.v(131): variable "imm" is read inside the Always Construct but isn't in the Always Construct's Event Control
Warning (10235): Verilog HDL Always Construct warning at mips_alu.v(133): variable "op" is read inside the Always Construct but isn't in the Always Construct's Event Control
Warning (10235): Verilog HDL Always Construct warning at mips_alu.v(133): variable "luiOP" is read inside the Always Construct but isn't in the Always Construct's Event Control
Warning (10235): Verilog HDL Always Construct warning at mips_alu.v(134): variable "imm" is read inside the Always Construct but isn't in the Always Construct's Event Control
Warning (10235): Verilog HDL Always Construct warning at mips_alu.v(136): variable "op" is read inside the Always Construct but isn't in the Always Construct's Event Control
Warning (10235): Verilog HDL Always Construct warning at mips_alu.v(136): variable "swOP" is read inside the Always Construct but isn't in the Always Construct's Event Control
Warning (10235): Verilog HDL Always Construct warning at mips_alu.v(137): variable "imm" is read inside the Always Construct but isn't in the Always Construct's Event Control
Warning (10235): Verilog HDL Always Construct warning at mips_alu.v(139): variable "op" is read inside the Always Construct but isn't in the Always Construct's Event Control
Warning (10235): Verilog HDL Always Construct warning at mips_alu.v(139): variable "sbOP" is read inside the Always Construct but isn't in the Always Construct's Event Control
Warning (10235): Verilog HDL Always Construct warning at mips_alu.v(140): variable "imm" is read inside the Always Construct but isn't in the Always Construct's Event Control
Warning (10235): Verilog HDL Always Construct warning at mips_alu.v(142): variable "op" is read inside the Always Construct but isn't in the Always Construct's Event Control
Warning (10235): Verilog HDL Always Construct warning at mips_alu.v(142): variable "shOP" is read inside the Always Construct but isn't in the Always Construct's Event Control
Warning (10235): Verilog HDL Always Construct warning at mips_alu.v(143): variable "imm" is read inside the Always Construct but isn't in the Always Construct's Event Control
Info (12128): Elaborating entity "mips_data_mem" for hierarchy "mips_data_mem:mips_data_mem"
Warning (10850): Verilog HDL warning at mips_data_mem.v(14): number of words (64) in memory file does not match the number of elements in the address range [0:255]
Warning (10240): Verilog HDL Always Construct warning at mips_data_mem.v(18): inferring latch(es) for variable "read_data", which holds its previous value in one or more paths through the always construct
Info (10041): Inferred latch for "read_data[0]" at mips_data_mem.v(19)
Info (10041): Inferred latch for "read_data[1]" at mips_data_mem.v(19)
Info (10041): Inferred latch for "read_data[2]" at mips_data_mem.v(19)
Info (10041): Inferred latch for "read_data[3]" at mips_data_mem.v(19)
Info (10041): Inferred latch for "read_data[4]" at mips_data_mem.v(19)
Info (10041): Inferred latch for "read_data[5]" at mips_data_mem.v(19)
Info (10041): Inferred latch for "read_data[6]" at mips_data_mem.v(19)
Info (10041): Inferred latch for "read_data[7]" at mips_data_mem.v(19)
Info (10041): Inferred latch for "read_data[8]" at mips_data_mem.v(19)
Info (10041): Inferred latch for "read_data[9]" at mips_data_mem.v(19)
Info (10041): Inferred latch for "read_data[10]" at mips_data_mem.v(19)
Info (10041): Inferred latch for "read_data[11]" at mips_data_mem.v(19)
Info (10041): Inferred latch for "read_data[12]" at mips_data_mem.v(19)
Info (10041): Inferred latch for "read_data[13]" at mips_data_mem.v(19)
Info (10041): Inferred latch for "read_data[14]" at mips_data_mem.v(19)
Info (10041): Inferred latch for "read_data[15]" at mips_data_mem.v(19)
Info (10041): Inferred latch for "read_data[16]" at mips_data_mem.v(19)
Info (10041): Inferred latch for "read_data[17]" at mips_data_mem.v(19)
Info (10041): Inferred latch for "read_data[18]" at mips_data_mem.v(19)
Info (10041): Inferred latch for "read_data[19]" at mips_data_mem.v(19)
Info (10041): Inferred latch for "read_data[20]" at mips_data_mem.v(19)
Info (10041): Inferred latch for "read_data[21]" at mips_data_mem.v(19)
Info (10041): Inferred latch for "read_data[22]" at mips_data_mem.v(19)
Info (10041): Inferred latch for "read_data[23]" at mips_data_mem.v(19)
Info (10041): Inferred latch for "read_data[24]" at mips_data_mem.v(19)
Info (10041): Inferred latch for "read_data[25]" at mips_data_mem.v(19)
Info (10041): Inferred latch for "read_data[26]" at mips_data_mem.v(19)
Info (10041): Inferred latch for "read_data[27]" at mips_data_mem.v(19)
Info (10041): Inferred latch for "read_data[28]" at mips_data_mem.v(19)
Info (10041): Inferred latch for "read_data[29]" at mips_data_mem.v(19)
Info (10041): Inferred latch for "read_data[30]" at mips_data_mem.v(19)
Info (10041): Inferred latch for "read_data[31]" at mips_data_mem.v(19)
Info (16010): Generating hard_block partition "hard_block:auto_generated_inst"
    Info (16011): Adding 0 node(s), including 0 DDIO, 0 PLL, 0 transceiver and 0 LCELL
Warning (21074): Design contains 1 input pin(s) that do not drive logic
    Warning (15610): No output dependent on input pin "clock"
Info (21057): Implemented 1 device resources after synthesis - the final resource count might be different
    Info (21058): Implemented 1 input pins
    Info (21059): Implemented 0 output pins
Info: Quartus II 64-Bit Analysis & Synthesis was successful. 0 errors, 115 warnings
    Info: Peak virtual memory: 517 megabytes
    Info: Processing ended: Wed Jan 03 17:38:39 2018
    Info: Elapsed time: 00:00:02
    Info: Total CPU time (on all processors): 00:00:02


